<?xml version="1.0" encoding="UTF-8"?>
<testng-results skipped="0" failed="0" ignored="0" total="1" passed="1">
  <reporter-output>
  </reporter-output>
  <suite name="screenahot" duration-ms="16756" started-at="2018-11-01T18:15:30Z" finished-at="2018-11-01T18:15:46Z">
    <groups>
    </groups>
    <test name="testng Test" duration-ms="16756" started-at="2018-11-01T18:15:30Z" finished-at="2018-11-01T18:15:46Z">
      <class name="methods.URLOpenedTocapturetheSCreenshot">
        <test-method status="PASS" signature="test()[pri:0, instance:methods.URLOpenedTocapturetheSCreenshot@fcd6521]" name="test" is-config="true" duration-ms="12" started-at="2018-11-01T18:15:30Z" finished-at="2018-11-01T18:15:30Z">
          <reporter-output>
          </reporter-output>
        </test-method> <!-- test -->
        <test-method status="PASS" signature="setup()[pri:0, instance:methods.URLOpenedTocapturetheSCreenshot@fcd6521]" name="setup" is-config="true" duration-ms="387" started-at="2018-11-01T18:15:30Z" finished-at="2018-11-01T18:15:30Z">
          <reporter-output>
          </reporter-output>
        </test-method> <!-- setup -->
        <test-method status="PASS" signature="urlopened()[pri:0, instance:methods.URLOpenedTocapturetheSCreenshot@fcd6521]" name="urlopened" duration-ms="14201" started-at="2018-11-01T18:15:30Z" finished-at="2018-11-01T18:15:44Z">
          <reporter-output>
          </reporter-output>
        </test-method> <!-- urlopened -->
        <test-method status="FAIL" signature="tearDown(org.testng.ITestResult)[pri:0, instance:methods.URLOpenedTocapturetheSCreenshot@fcd6521]" name="tearDown" is-config="true" duration-ms="2134" started-at="2018-11-01T18:15:44Z" finished-at="2018-11-01T18:15:46Z">
          <params>
            <param index="0">
              <value>
                <![CDATA[[TestResult name=urlopened status=SUCCESS method=URLOpenedTocapturetheSCreenshot.urlopened()[pri:0, instance:methods.URLOpenedTocapturetheSCreenshot@fcd6521] output={null}]]]>
              </value>
            </param>
          </params>
          <exception class="java.lang.NullPointerException">
            <full-stacktrace>
              <![CDATA[java.lang.NullPointerException
at methods.URLOpenedTocapturetheSCreenshot.tearDown(URLOpenedTocapturetheSCreenshot.java:73)
at sun.reflect.NativeMethodAccessorImpl.invoke0(Native Method)
at sun.reflect.NativeMethodAccessorImpl.invoke(NativeMethodAccessorImpl.java:62)
at sun.reflect.DelegatingMethodAccessorImpl.invoke(DelegatingMethodAccessorImpl.java:43)
at java.lang.reflect.Method.invoke(Method.java:498)
at org.testng.internal.MethodInvocationHelper.invokeMethod(MethodInvocationHelper.java:124)
at org.testng.internal.MethodInvocationHelper.invokeMethodConsideringTimeout(MethodInvocationHelper.java:59)
at org.testng.internal.Invoker.invokeConfigurationMethod(Invoker.java:455)
at org.testng.internal.Invoker.invokeConfigurations(Invoker.java:222)
at org.testng.internal.Invoker.invokeMethod(Invoker.java:643)
at org.testng.internal.Invoker.invokeTestMethod(Invoker.java:716)
at org.testng.internal.Invoker.invokeTestMethods(Invoker.java:988)
at org.testng.internal.TestMethodWorker.invokeTestMethods(TestMethodWorker.java:125)
at org.testng.internal.TestMethodWorker.run(TestMethodWorker.java:109)
at org.testng.TestRunner.privateRun(TestRunner.java:648)
at org.testng.TestRunner.run(TestRunner.java:505)
at org.testng.SuiteRunner.runTest(SuiteRunner.java:455)
at org.testng.SuiteRunner.runSequentially(SuiteRunner.java:450)
at org.testng.SuiteRunner.privateRun(SuiteRunner.java:415)
at org.testng.SuiteRunner.run(SuiteRunner.java:364)
at org.testng.SuiteRunnerWorker.runSuite(SuiteRunnerWorker.java:52)
at org.testng.SuiteRunnerWorker.run(SuiteRunnerWorker.java:84)
at org.testng.TestNG.runSuitesSequentially(TestNG.java:1208)
at org.testng.TestNG.runSuitesLocally(TestNG.java:1137)
at org.testng.TestNG.runSuites(TestNG.java:1049)
at org.testng.TestNG.run(TestNG.java:1017)
at org.testng.remote.AbstractRemoteTestNG.run(AbstractRemoteTestNG.java:114)
at org.testng.remote.RemoteTestNG.initAndRun(RemoteTestNG.java:251)
at org.testng.remote.RemoteTestNG.main(RemoteTestNG.java:77)
]]>
            </full-stacktrace>
          </exception> <!-- java.lang.NullPointerException -->
          <reporter-output>
          </reporter-output>
        </test-method> <!-- tearDown -->
      </class> <!-- methods.URLOpenedTocapturetheSCreenshot -->
    </test> <!-- testng Test -->
  </suite> <!-- screenahot -->
</testng-results>
