<?xml version="1.0" encoding="UTF-8"?>
<!-- Generated by org.testng.reporters.JUnitXMLReporter -->
<testsuite hostname="Arihants-Mac-mini.local" ignored="0" name="testngTest" tests="1" failures="0" timestamp="01 Nov 2018 17:54:56 GMT" time="16.444" errors="0">
  <testcase name="@AfterMethod tearDown" time="2.114" classname="methods.URLOpenedTocapturetheSCreenshot">
    <failure type="java.lang.NullPointerException">
      <![CDATA[java.lang.NullPointerException
at methods.URLOpenedTocapturetheSCreenshot.tearDown(URLOpenedTocapturetheSCreenshot.java:73)
... Removed 28 stack frames]]>
    </failure>
  </testcase> <!-- @AfterMethod tearDown -->
  <testcase name="urlopened" time="13.88" classname="methods.URLOpenedTocapturetheSCreenshot"/>
</testsuite> <!-- testngTest -->
